     1                                  ;--
     2                                  ; Simple application that initialises different variables types, performs
     3                                  ; basic addition and stores the result into another variable.
     4                                  
     5                                  section .data
     6                                      ;--
     7                                      ; Constants
     8                                      SYS_EXIT    equ 60
     9                                  
    10                                      ;--
    11                                      ; Byte (8-bit) variables.
    12 00000000 11                          bVar1       db 17
    13 00000001 09                          bVar2       db 9
    14 00000002 00                          bResult     db 0
    15                                  
    16                                      ;--
    17                                      ; Word (16-bit) variables.
    18 00000003 6842                        wVar1       dw 17000
    19 00000005 2823                        wVar2       dw 9000
    20 00000007 0000                        wResult     dw 0
    21                                  
    22                                      ;--
    23                                      ; Double word (32-bit) variables.
    24 00000009 40660301                    dVar1       dd 17000000
    25 0000000D 40548900                    dVar2       dd 9000000
    26 00000011 00000000                    dResult     dd 0
    27                                  
    28                                      ;--
    29                                      ; Quad word (64-bit) variables.
    30 00000015 4066030100000000            qVar1       dq 17000000
    31 0000001D 4054890000000000            qVar2       dq 9000000
    32 00000025 00000000                    qResult     dd 0
    33                                  
    34                                  section .text
    35                                      global _start
    36                                      _start:
    37                                          ;--
    38                                          ; Byte example (bVar1 + bVar2)
    39 00000000 8A0425[00000000]                mov al, byte [bVar1]
    40 00000007 020425[01000000]                add al, byte [bVar2]
    41 0000000E 880425[02000000]                mov byte [bResult], al
    42                                  
    43                                          ;--
    44                                          ; Word example (wVar1 + wVar2)
    45 00000015 668B0425[03000000]              mov ax, word [wVar1]
    46 0000001D 66030425[05000000]              add ax, word [wVar2]
    47 00000025 66890425[07000000]              mov word [wResult], ax
    48                                  
    49                                          ;--
    50                                          ; Double word example (dVar1 + dVar2)
    51 0000002D 8B0425[09000000]                mov eax, dword [dVar1]
    52 00000034 030425[0D000000]                add eax, dword [dVar2]
    53 0000003B 890425[11000000]                mov dword [dResult], eax
    54                                  
    55                                          ;--
    56                                          ; Quad word example (qVar1 + qVar2)
    57 00000042 488B0425[15000000]              mov rax, qword [qVar1]
    58 0000004A 48030425[1D000000]              add rax, qword [qVar2]
    59 00000052 48890425[25000000]              mov qword [qResult], rax
    60                                  
    61 0000005A B83C000000                      mov rax, SYS_EXIT
    62 0000005F BF00000000                      mov rdi, 0 ; Exit code 0 = success
    63 00000064 0F05                            syscall
